{"/home/wsilvadev/Documents/myCodes/AppsReactNative/bestBuy/src/api/home.ts": {"path":"/home/wsilvadev/Documents/myCodes/AppsReactNative/bestBuy/src/api/home.ts","statementMap":{"0":{"start":{"line":15,"column":24},"end":{"line":18,"column":1}},"1":{"start":{"line":16,"column":19},"end":{"line":16,"column":49}},"2":{"start":{"line":17,"column":2},"end":{"line":17,"column":40}}},"fnMap":{"0":{"name":"(anonymous_0)","decl":{"start":{"line":15,"column":24},"end":{"line":15,"column":25}},"loc":{"start":{"line":15,"column":66},"end":{"line":18,"column":1}},"line":15}},"branchMap":{},"s":{"0":0,"1":0,"2":0},"f":{"0":0},"b":{}}
,"/home/wsilvadev/Documents/myCodes/AppsReactNative/bestBuy/src/api/setup.ts": {"path":"/home/wsilvadev/Documents/myCodes/AppsReactNative/bestBuy/src/api/setup.ts","statementMap":{"0":{"start":{"line":6,"column":2},"end":{"line":10,"column":3}},"1":{"start":{"line":7,"column":4},"end":{"line":9,"column":7}},"2":{"start":{"line":11,"column":2},"end":{"line":11,"column":13}}},"fnMap":{"0":{"name":"setup","decl":{"start":{"line":5,"column":9},"end":{"line":5,"column":14}},"loc":{"start":{"line":5,"column":32},"end":{"line":12,"column":1}},"line":5}},"branchMap":{"0":{"loc":{"start":{"line":6,"column":2},"end":{"line":10,"column":3}},"type":"if","locations":[{"start":{"line":6,"column":2},"end":{"line":10,"column":3}},{"start":{"line":6,"column":2},"end":{"line":10,"column":3}}],"line":6}},"s":{"0":4,"1":1,"2":4},"f":{"0":4},"b":{"0":[1,3]},"_coverageSchema":"1a1c01bbd47fc00a2c39e90264f33305004495a9","hash":"55f5f9e41091f286d58b0beb9074647114b45349"}
,"/home/wsilvadev/Documents/myCodes/AppsReactNative/bestBuy/src/api/types.ts": {"path":"/home/wsilvadev/Documents/myCodes/AppsReactNative/bestBuy/src/api/types.ts","statementMap":{},"fnMap":{},"branchMap":{},"s":{},"f":{},"b":{}}
,"/home/wsilvadev/Documents/myCodes/AppsReactNative/bestBuy/src/components/Button/style.ts": {"path":"/home/wsilvadev/Documents/myCodes/AppsReactNative/bestBuy/src/components/Button/style.ts","statementMap":{"0":{"start":{"line":3,"column":15},"end":{"line":49,"column":2}}},"fnMap":{},"branchMap":{},"s":{"0":0},"f":{},"b":{}}
,"/home/wsilvadev/Documents/myCodes/AppsReactNative/bestBuy/src/components/Carts/style.ts": {"path":"/home/wsilvadev/Documents/myCodes/AppsReactNative/bestBuy/src/components/Carts/style.ts","statementMap":{"0":{"start":{"line":3,"column":15},"end":{"line":60,"column":2}}},"fnMap":{},"branchMap":{},"s":{"0":0},"f":{},"b":{}}
,"/home/wsilvadev/Documents/myCodes/AppsReactNative/bestBuy/src/components/Input/style.ts": {"path":"/home/wsilvadev/Documents/myCodes/AppsReactNative/bestBuy/src/components/Input/style.ts","statementMap":{"0":{"start":{"line":3,"column":14},"end":{"line":20,"column":2}}},"fnMap":{},"branchMap":{},"s":{"0":0},"f":{},"b":{}}
,"/home/wsilvadev/Documents/myCodes/AppsReactNative/bestBuy/src/components/ProductDetails/style.ts": {"path":"/home/wsilvadev/Documents/myCodes/AppsReactNative/bestBuy/src/components/ProductDetails/style.ts","statementMap":{"0":{"start":{"line":3,"column":14},"end":{"line":39,"column":2}}},"fnMap":{},"branchMap":{},"s":{"0":0},"f":{},"b":{}}
,"/home/wsilvadev/Documents/myCodes/AppsReactNative/bestBuy/src/components/Products/style.ts": {"path":"/home/wsilvadev/Documents/myCodes/AppsReactNative/bestBuy/src/components/Products/style.ts","statementMap":{"0":{"start":{"line":3,"column":14},"end":{"line":38,"column":2}}},"fnMap":{},"branchMap":{},"s":{"0":0},"f":{},"b":{}}
,"/home/wsilvadev/Documents/myCodes/AppsReactNative/bestBuy/src/routes/Caps/style.ts": {"path":"/home/wsilvadev/Documents/myCodes/AppsReactNative/bestBuy/src/routes/Caps/style.ts","statementMap":{"0":{"start":{"line":3,"column":15},"end":{"line":3,"column":36}}},"fnMap":{},"branchMap":{},"s":{"0":0},"f":{},"b":{}}
,"/home/wsilvadev/Documents/myCodes/AppsReactNative/bestBuy/src/routes/Carts/style.ts": {"path":"/home/wsilvadev/Documents/myCodes/AppsReactNative/bestBuy/src/routes/Carts/style.ts","statementMap":{},"fnMap":{},"branchMap":{},"s":{},"f":{},"b":{}}
,"/home/wsilvadev/Documents/myCodes/AppsReactNative/bestBuy/src/routes/Login/style.ts": {"path":"/home/wsilvadev/Documents/myCodes/AppsReactNative/bestBuy/src/routes/Login/style.ts","statementMap":{"0":{"start":{"line":3,"column":15},"end":{"line":16,"column":2}}},"fnMap":{},"branchMap":{},"s":{"0":0},"f":{},"b":{}}
,"/home/wsilvadev/Documents/myCodes/AppsReactNative/bestBuy/src/routes/Pants/style.ts": {"path":"/home/wsilvadev/Documents/myCodes/AppsReactNative/bestBuy/src/routes/Pants/style.ts","statementMap":{"0":{"start":{"line":3,"column":15},"end":{"line":3,"column":36}}},"fnMap":{},"branchMap":{},"s":{"0":0},"f":{},"b":{}}
,"/home/wsilvadev/Documents/myCodes/AppsReactNative/bestBuy/src/routes/Register/style.ts": {"path":"/home/wsilvadev/Documents/myCodes/AppsReactNative/bestBuy/src/routes/Register/style.ts","statementMap":{"0":{"start":{"line":3,"column":15},"end":{"line":9,"column":2}}},"fnMap":{},"branchMap":{},"s":{"0":0},"f":{},"b":{}}
,"/home/wsilvadev/Documents/myCodes/AppsReactNative/bestBuy/src/routes/Shirts/style.ts": {"path":"/home/wsilvadev/Documents/myCodes/AppsReactNative/bestBuy/src/routes/Shirts/style.ts","statementMap":{"0":{"start":{"line":3,"column":15},"end":{"line":3,"column":36}}},"fnMap":{},"branchMap":{},"s":{"0":0},"f":{},"b":{}}
,"/home/wsilvadev/Documents/myCodes/AppsReactNative/bestBuy/src/routes/Shoes/style.ts": {"path":"/home/wsilvadev/Documents/myCodes/AppsReactNative/bestBuy/src/routes/Shoes/style.ts","statementMap":{"0":{"start":{"line":3,"column":15},"end":{"line":3,"column":36}}},"fnMap":{},"branchMap":{},"s":{"0":0},"f":{},"b":{}}
,"/home/wsilvadev/Documents/myCodes/AppsReactNative/bestBuy/src/routes/Shorts/style.ts": {"path":"/home/wsilvadev/Documents/myCodes/AppsReactNative/bestBuy/src/routes/Shorts/style.ts","statementMap":{"0":{"start":{"line":3,"column":15},"end":{"line":3,"column":36}}},"fnMap":{},"branchMap":{},"s":{"0":0},"f":{},"b":{}}
}
